[21:56:37] [main/INFO] (FabricLoader/GameProvider) Loading Minecraft 1.20.1 with Fabric Loader 0.14.21
[21:56:37] [main/INFO] (FabricLoader) Loading 46 mods:
	- create_dimensions 1.0.0
	- fabric-api 0.83.1+1.20.1
	- fabric-api-base 0.4.29+b04edc7a77
	- fabric-api-lookup-api-v1 1.6.34+4d8536c977
	- fabric-biome-api-v1 13.0.10+b3afc78b77
	- fabric-block-api-v1 1.0.9+e022e5d177
	- fabric-blockrenderlayer-v1 1.1.39+b3afc78b77
	- fabric-client-tags-api-v1 1.0.20+b3afc78b77
	- fabric-command-api-v2 2.2.11+b3afc78b77
	- fabric-content-registries-v0 4.0.7+b3afc78b77
	- fabric-convention-tags-v1 1.5.3+b3afc78b77
	- fabric-crash-report-info-v1 0.2.18+aeb40ebe77
	- fabric-data-generation-api-v1 12.1.11+b3afc78b77
	- fabric-dimensions-v1 2.1.51+b3afc78b77
	- fabric-entity-events-v1 1.5.21+b3afc78b77
	- fabric-events-interaction-v0 0.6.0+b3afc78b77
	- fabric-game-rule-api-v1 1.0.38+b04edc7a77
	- fabric-gametest-api-v1 1.2.10+b3afc78b77
	- fabric-item-api-v1 2.1.26+b3afc78b77
	- fabric-item-group-api-v1 4.0.7+b3afc78b77
	- fabric-key-binding-api-v1 1.0.36+fb8d95da77
	- fabric-lifecycle-events-v1 2.2.20+b3afc78b77
	- fabric-loot-api-v2 1.1.37+b3afc78b77
	- fabric-message-api-v1 5.1.6+b3afc78b77
	- fabric-mining-level-api-v1 2.1.47+b3afc78b77
	- fabric-models-v0 0.3.35+b3afc78b77
	- fabric-networking-api-v1 1.3.8+b3afc78b77
	- fabric-object-builder-api-v1 11.0.6+b3afc78b77
	- fabric-particles-v1 1.0.28+b3afc78b77
	- fabric-recipe-api-v1 1.0.18+b3afc78b77
	- fabric-registry-sync-v0 2.2.6+b3afc78b77
	- fabric-renderer-api-v1 3.0.1+b3afc78b77
	- fabric-renderer-indigo 1.3.1+b3afc78b77
	- fabric-rendering-data-attachment-v1 0.3.33+b3afc78b77
	- fabric-rendering-fluids-v1 3.0.26+b3afc78b77
	- fabric-rendering-v1 3.0.6+b3afc78b77
	- fabric-resource-conditions-api-v1 2.3.5+ea08f9d877
	- fabric-resource-loader-v0 0.11.7+f7923f6d77
	- fabric-screen-api-v1 2.0.6+b3afc78b77
	- fabric-screen-handler-api-v1 1.3.27+b3afc78b77
	- fabric-sound-api-v1 1.0.12+b3afc78b77
	- fabric-transfer-api-v1 3.2.2+b3afc78b77
	- fabric-transitive-access-wideners-v1 4.2.0+b3afc78b77
	- fabricloader 0.14.21
	- java 17
	- minecraft 1.20.1
[21:56:38] [main/INFO] (FabricLoader/Mixin) SpongePowered MIXIN Subsystem Version=0.8.5 Source=file:/C:/Users/gamer/.mcreator/gradle/caches/modules-2/files-2.1/net.fabricmc/sponge-mixin/0.12.5+mixin.0.8.5/8d31fb97c3e0cd7c8dad3441851c523bcfae6d8e/sponge-mixin-0.12.5+mixin.0.8.5.jar Service=Knot/Fabric Env=CLIENT
[21:56:38] [main/INFO] (FabricLoader/Mixin) Loaded Fabric development mappings for mixin remapper!
[21:56:38] [main/INFO] (FabricLoader/Mixin) Compatibility level set to JAVA_16
[21:56:38] [main/INFO] (FabricLoader/Mixin) Compatibility level set to JAVA_17
[21:56:42] [Datafixer Bootstrap/INFO] (Minecraft) 188 Datafixer optimizations took 91 milliseconds
[21:56:44] [Render thread/INFO] (Minecraft) Environment: authHost='https://authserver.mojang.com', accountsHost='https://api.mojang.com', sessionHost='https://sessionserver.mojang.com', servicesHost='https://api.minecraftservices.com', name='PROD'
[21:56:44] [Render thread/ERROR] (Minecraft) Failed to verify authentication
com.mojang.authlib.exceptions.InvalidCredentialsException: Status: 401
	at com.mojang.authlib.exceptions.MinecraftClientHttpException.toAuthenticationException(MinecraftClientHttpException.java:56) ~[authlib-4.0.43.jar:?]
	at com.mojang.authlib.yggdrasil.YggdrasilUserApiService.fetchProperties(YggdrasilUserApiService.java:156) ~[authlib-4.0.43.jar:?]
	at com.mojang.authlib.yggdrasil.YggdrasilUserApiService.<init>(YggdrasilUserApiService.java:55) ~[authlib-4.0.43.jar:?]
	at com.mojang.authlib.yggdrasil.YggdrasilAuthenticationService.createUserApiService(YggdrasilAuthenticationService.java:124) ~[authlib-4.0.43.jar:?]
	at net.minecraft.client.Minecraft.createUserApiService(Minecraft.java:733) ~[minecraft-merged-e3791c0125-1.20.1-loom.mappings.1_20_1.layered+hash.2198-v2.jar:?]
	at net.minecraft.client.Minecraft.<init>(Minecraft.java:442) ~[minecraft-merged-e3791c0125-1.20.1-loom.mappings.1_20_1.layered+hash.2198-v2.jar:?]
	at net.minecraft.client.main.Main.main(Main.java:211) ~[minecraft-merged-e3791c0125-1.20.1-loom.mappings.1_20_1.layered+hash.2198-v2.jar:?]
	at net.fabricmc.loader.impl.game.minecraft.MinecraftGameProvider.launch(MinecraftGameProvider.java:468) ~[fabric-loader-0.14.21.jar:?]
	at net.fabricmc.loader.impl.launch.knot.Knot.launch(Knot.java:74) ~[fabric-loader-0.14.21.jar:?]
	at net.fabricmc.loader.impl.launch.knot.KnotClient.main(KnotClient.java:23) ~[fabric-loader-0.14.21.jar:?]
	at net.fabricmc.devlaunchinjector.Main.main(Main.java:86) ~[dev-launch-injector-0.2.1+build.8.jar:?]
Caused by: com.mojang.authlib.exceptions.MinecraftClientHttpException: Status: 401
	at com.mojang.authlib.minecraft.client.MinecraftClient.readInputStream(MinecraftClient.java:85) ~[authlib-4.0.43.jar:?]
	at com.mojang.authlib.minecraft.client.MinecraftClient.get(MinecraftClient.java:48) ~[authlib-4.0.43.jar:?]
	at com.mojang.authlib.yggdrasil.YggdrasilUserApiService.fetchProperties(YggdrasilUserApiService.java:129) ~[authlib-4.0.43.jar:?]
	... 9 more
[21:56:44] [Render thread/INFO] (Minecraft) Setting user: Player90
[21:56:44] [Render thread/INFO] (CreateDimensionsMod) Initializing CreateDimensionsMod
[21:56:45] [Render thread/INFO] (Indigo) [Indigo] Registering Indigo renderer!
[21:56:45] [Render thread/INFO] (Minecraft) Backend library: LWJGL version 3.3.1 SNAPSHOT
[21:56:46] [Render thread/INFO] (Minecraft) Reloading ResourceManager: vanilla, fabric (fabric-crash-report-info-v1, fabric-screen-handler-api-v1, fabric-message-api-v1, fabric-biome-api-v1, fabric-command-api-v2, fabric-item-api-v1, create_dimensions, fabric-recipe-api-v1, fabric-rendering-v1, fabric-client-tags-api-v1, fabric-dimensions-v1, fabric-data-generation-api-v1, fabric-block-api-v1, fabric-renderer-indigo, fabric-events-interaction-v0, fabric-entity-events-v1, fabric-sound-api-v1, fabric-screen-api-v1, fabric-registry-sync-v0, fabric-content-registries-v0, fabric-mining-level-api-v1, fabric-api-lookup-api-v1, fabric-rendering-fluids-v1, fabric-loot-api-v2, fabric-api, fabric-convention-tags-v1, fabric-particles-v1, fabric-blockrenderlayer-v1, fabric-key-binding-api-v1, fabric-resource-loader-v0, fabric-rendering-data-attachment-v1, fabric-resource-conditions-api-v1, fabric-networking-api-v1, fabric-object-builder-api-v1, fabric-game-rule-api-v1, fabric-lifecycle-events-v1, fabric-transitive-access-wideners-v1, fabric-transfer-api-v1, fabric-renderer-api-v1, fabric-models-v0, fabric-gametest-api-v1, fabric-item-group-api-v1, fabricloader, fabric-api-base)
[21:56:46] [Worker-Main-6/INFO] (Minecraft) Found unifont_all_no_pua-15.0.06.hex, loading
[21:56:46] [Realms Notification Availability checker #1/INFO] (Minecraft) Could not authorize you against Realms server: Invalid session id
[21:56:46] [Worker-Main-7/WARN] (Minecraft) Texture create_dimensions:block/new_create_logo_background with size 1000x1000 limits mip level from 4 to 3
[21:56:46] [Worker-Main-7/WARN] (Minecraft) minecraft:textures/atlas/blocks.png: dropping miplevel from 4 to 3, because of minimum power of two: 8
[21:56:47] [Render thread/WARN] (Minecraft) Missing sound for event: minecraft:item.goat_horn.play
[21:56:47] [Render thread/WARN] (Minecraft) Missing sound for event: minecraft:entity.goat.screaming.horn_break
[21:56:47] [Render thread/INFO] (Minecraft) OpenAL initialized on device OpenAL Soft on Headphones (High Definition Audio Device)
[21:56:47] [Render thread/INFO] (Minecraft) Sound engine started
[21:56:47] [Render thread/INFO] (Minecraft) Created: 2048x1024x3 minecraft:textures/atlas/blocks.png-atlas
[21:56:47] [Render thread/INFO] (Minecraft) Created: 256x256x4 minecraft:textures/atlas/signs.png-atlas
[21:56:47] [Render thread/INFO] (Minecraft) Created: 512x512x4 minecraft:textures/atlas/banner_patterns.png-atlas
[21:56:47] [Render thread/INFO] (Minecraft) Created: 512x512x4 minecraft:textures/atlas/shield_patterns.png-atlas
[21:56:47] [Render thread/INFO] (Minecraft) Created: 1024x1024x4 minecraft:textures/atlas/armor_trims.png-atlas
[21:56:47] [Render thread/INFO] (Minecraft) Created: 128x64x4 minecraft:textures/atlas/decorated_pot.png-atlas
[21:56:47] [Render thread/INFO] (Minecraft) Created: 256x256x4 minecraft:textures/atlas/chest.png-atlas
[21:56:47] [Render thread/INFO] (Minecraft) Created: 512x256x4 minecraft:textures/atlas/beds.png-atlas
[21:56:47] [Render thread/INFO] (Minecraft) Created: 512x256x4 minecraft:textures/atlas/shulker_boxes.png-atlas
[21:56:47] [Render thread/WARN] (Minecraft) Shader rendertype_entity_translucent_emissive could not find sampler named Sampler2 in the specified shader program.
[21:56:47] [Render thread/INFO] (Minecraft) Created: 256x256x0 minecraft:textures/atlas/particles.png-atlas
[21:56:47] [Render thread/INFO] (Minecraft) Created: 256x256x0 minecraft:textures/atlas/paintings.png-atlas
[21:56:47] [Render thread/INFO] (Minecraft) Created: 128x128x0 minecraft:textures/atlas/mob_effects.png-atlas
[21:56:56] [Render thread/INFO] (Minecraft) Loaded 7 recipes
[21:56:56] [Render thread/INFO] (Minecraft) Loaded 1271 advancements
[21:56:58] [Render thread/INFO] (Minecraft) Loaded 7 recipes
[21:56:58] [Render thread/INFO] (Minecraft) Loaded 1271 advancements
[21:56:58] [Render thread/INFO] (BiomeModificationImpl) Applied 0 biome modifications to 0 of 65 new biomes in 1.155 ms
[21:56:58] [Server thread/INFO] (Minecraft) Starting integrated minecraft server version 1.20.1
[21:56:58] [Server thread/INFO] (Minecraft) Generating keypair
[21:56:59] [Server thread/INFO] (Minecraft) Preparing start region for dimension minecraft:overworld
[21:57:00] [Render thread/INFO] (Minecraft) Preparing spawn area: 0%
[21:57:00] [Render thread/INFO] (Minecraft) Preparing spawn area: 0%
[21:57:00] [Render thread/INFO] (Minecraft) Preparing spawn area: 0%
[21:57:00] [Render thread/INFO] (Minecraft) Preparing spawn area: 5%
[21:57:01] [Render thread/INFO] (Minecraft) Time elapsed: 1722 ms
[21:57:01] [Server thread/INFO] (Minecraft) Changing view distance to 5, from 10
[21:57:01] [Server thread/INFO] (Minecraft) Changing simulation distance to 8, from 0
[21:57:01] [Server thread/INFO] (Minecraft) Player90[local:E:055d4d0b] logged in with entity id 249 at (-100.49004997920481, 24.0, 32.364404933112574)
[21:57:01] [Server thread/INFO] (Minecraft) Player90 joined the game
[21:57:01] [Render thread/INFO] (Minecraft) Loaded 2 advancements
[21:57:07] [Server thread/INFO] (Minecraft) Saving and pausing game...
[21:57:07] [Server thread/INFO] (Minecraft) Saving chunks for level 'ServerLevel[New World]'/minecraft:overworld
[21:57:07] [Server thread/INFO] (Minecraft) Saving chunks for level 'ServerLevel[New World]'/minecraft:the_nether
[21:57:07] [Server thread/INFO] (Minecraft) Saving chunks for level 'ServerLevel[New World]'/create_dimensions:the_mim
[21:57:07] [Server thread/INFO] (Minecraft) Saving chunks for level 'ServerLevel[New World]'/minecraft:the_end
[21:57:25] [Server thread/INFO] (Minecraft) [Player90: Stopped all sounds]
[21:57:33] [Render thread/INFO] (Minecraft) [System] [CHAT] Unknown or incomplete command, see below for error
[21:57:33] [Render thread/INFO] (Minecraft) [System] [CHAT] ...:windsound<--[HERE]
[21:57:36] [Render thread/INFO] (Minecraft) [System] [CHAT] Unknown or incomplete command, see below for error
[21:57:36] [Render thread/INFO] (Minecraft) [System] [CHAT] ...nd ambient<--[HERE]
[21:57:37] [Server thread/INFO] (Minecraft) [Player90: Played sound create_dimensions:windsound to Player90]
[21:57:51] [Server thread/INFO] (Minecraft) [Player90: Gamerule sendCommandFeedback is now set to: false]
[21:57:51] [Server thread/INFO] (Minecraft) [Player90: Teleported Player90 to Armor Stand]
[21:58:05] [Server thread/INFO] (Minecraft) [Player90: Played sound create_dimensions:mimrandom to Player90]
[21:58:10] [Server thread/INFO] (Minecraft) Saving and pausing game...
[21:58:10] [Server thread/INFO] (Minecraft) Saving chunks for level 'ServerLevel[New World]'/minecraft:overworld
[21:58:10] [Server thread/INFO] (Minecraft) Saving chunks for level 'ServerLevel[New World]'/minecraft:the_nether
[21:58:10] [Server thread/INFO] (Minecraft) Saving chunks for level 'ServerLevel[New World]'/create_dimensions:the_mim
[21:58:10] [Server thread/INFO] (Minecraft) Saving chunks for level 'ServerLevel[New World]'/minecraft:the_end
[21:58:14] [Worker-Main-3/WARN] (Minecraft) Empty height range: [136 absolute-0 below top]
[21:58:23] [Server thread/INFO] (Minecraft) [Player90: Played sound create_dimensions:mimrandom to Player90]
[21:58:25] [Server thread/INFO] (Minecraft) Saving and pausing game...
[21:58:25] [Server thread/INFO] (Minecraft) Saving chunks for level 'ServerLevel[New World]'/minecraft:overworld
[21:58:25] [Server thread/INFO] (Minecraft) Saving chunks for level 'ServerLevel[New World]'/minecraft:the_nether
[21:58:25] [Server thread/INFO] (Minecraft) Saving chunks for level 'ServerLevel[New World]'/create_dimensions:the_mim
[21:58:25] [Server thread/INFO] (Minecraft) Saving chunks for level 'ServerLevel[New World]'/minecraft:the_end
[21:58:26] [Server thread/INFO] (Minecraft) Player90 lost connection: Disconnected
[21:58:26] [Server thread/INFO] (Minecraft) Player90 left the game
[21:58:26] [Server thread/INFO] (Minecraft) Stopping singleplayer server as player logged out
[21:58:26] [Server thread/INFO] (Minecraft) Stopping server
[21:58:26] [Server thread/INFO] (Minecraft) Saving players
[21:58:26] [Server thread/INFO] (Minecraft) Saving worlds
[21:58:26] [Server thread/INFO] (Minecraft) Saving chunks for level 'ServerLevel[New World]'/minecraft:overworld
[21:58:26] [Server thread/INFO] (Minecraft) Saving chunks for level 'ServerLevel[New World]'/minecraft:the_nether
[21:58:26] [Server thread/INFO] (Minecraft) Saving chunks for level 'ServerLevel[New World]'/create_dimensions:the_mim
[21:58:26] [Server thread/INFO] (Minecraft) Saving chunks for level 'ServerLevel[New World]'/minecraft:the_end
[21:58:26] [Server thread/INFO] (Minecraft) ThreadedAnvilChunkStorage (New World): All chunks are saved
[21:58:26] [Server thread/INFO] (Minecraft) ThreadedAnvilChunkStorage (DIM-1): All chunks are saved
[21:58:26] [Server thread/INFO] (Minecraft) ThreadedAnvilChunkStorage (the_mim): All chunks are saved
[21:58:26] [Server thread/INFO] (Minecraft) ThreadedAnvilChunkStorage (DIM1): All chunks are saved
[21:58:26] [Server thread/INFO] (Minecraft) ThreadedAnvilChunkStorage: All dimensions are saved
[21:58:27] [Render thread/INFO] (Minecraft) Stopping!
